<?xml version="1.0" encoding="UTF-8"?>
<!-- Generated by org.testng.reporters.JUnitReportReporter -->
<testsuite hostname="DESKTOP-MSCIP15" failures="0" tests="4" name="tests.TransactionSearchTest" time="4.908" errors="0" timestamp="2025-08-06T08:43:45 GMT-07:00" skipped="0">
  <testcase classname="tests.TransactionSearchTest" name="testSearchByDate" time="1.186"/>
  <testcase classname="tests.TransactionSearchTest" name="testSearchByAmount" time="1.245"/>
  <testcase classname="tests.TransactionSearchTest" name="testSearchByAmount" time="1.238"/>
  <testcase classname="tests.TransactionSearchTest" name="testSearchByDate" time="1.239"/>
</testsuite> <!-- tests.TransactionSearchTest -->
