<?xml version="1.0" encoding="UTF-8"?>
<!-- Generated by org.testng.reporters.JUnitReportReporter -->
<testsuite hostname="DESKTOP-MSCIP15" failures="0" tests="16" name="tests.LoginTest" time="121.510" errors="0" timestamp="2025-08-06T08:43:45 GMT-07:00" skipped="6">
  <testcase classname="tests.LoginTest" name="loginWithInvalidPassword" time="12.511"/>
  <testcase classname="tests.LoginTest" name="loginWithInvalidPassword" time="12.982"/>
  <testcase classname="tests.LoginTest" name="loginWithUnregisteredUser" time="11.042"/>
  <testcase classname="tests.LoginTest" name="loginWithUnregisteredUser" time="10.451"/>
  <testcase classname="tests.LoginTest" name="loginWithEmptyFields" time="12.991"/>
  <testcase classname="tests.LoginTest" name="loginWithEmptyFields" time="12.513"/>
  <testcase classname="tests.LoginTest" name="loginWithInvalidEmailFormat" time="12.542"/>
  <testcase classname="tests.LoginTest" name="loginWithInvalidEmailFormat" time="12.449"/>
  <testcase classname="tests.LoginTest" name="loginWithValidCredentials" time="11.223"/>
  <testcase classname="tests.LoginTest" name="loginWithValidCredentials" time="12.806"/>
  <testcase classname="tests.LoginTest" name="rememberMeFunctionality">
    <skipped/>
  </testcase> <!-- rememberMeFunctionality -->
  <testcase classname="tests.LoginTest" name="verifyPasswordFieldIsMasked">
    <skipped/>
  </testcase> <!-- verifyPasswordFieldIsMasked -->
  <testcase classname="tests.LoginTest" name="sessionTimeoutTest">
    <skipped/>
  </testcase> <!-- sessionTimeoutTest -->
  <testcase classname="tests.LoginTest" name="rememberMeFunctionality">
    <skipped/>
  </testcase> <!-- rememberMeFunctionality -->
  <testcase classname="tests.LoginTest" name="sessionTimeoutTest">
    <skipped/>
  </testcase> <!-- sessionTimeoutTest -->
  <testcase classname="tests.LoginTest" name="verifyPasswordFieldIsMasked">
    <skipped/>
  </testcase> <!-- verifyPasswordFieldIsMasked -->
</testsuite> <!-- tests.LoginTest -->
