<?xml version="1.0" encoding="UTF-8"?>
<!-- Generated by org.testng.reporters.JUnitReportReporter -->
<testsuite hostname="DESKTOP-MSCIP15" failures="0" tests="8" name="tests.LoginTest" time="59.238" errors="0" timestamp="2025-07-12T03:29:04 GMT-07:00" skipped="3">
  <testcase classname="tests.LoginTest" name="loginWithInvalidPassword" time="11.882"/>
  <testcase classname="tests.LoginTest" name="loginWithUnregisteredUser" time="10.976"/>
  <testcase classname="tests.LoginTest" name="loginWithEmptyFields" time="12.980"/>
  <testcase classname="tests.LoginTest" name="loginWithInvalidEmailFormat" time="12.640"/>
  <testcase classname="tests.LoginTest" name="loginWithValidCredentials" time="10.760"/>
  <testcase classname="tests.LoginTest" name="sessionTimeoutTest">
    <skipped/>
  </testcase> <!-- sessionTimeoutTest -->
  <testcase classname="tests.LoginTest" name="verifyPasswordFieldIsMasked">
    <skipped/>
  </testcase> <!-- verifyPasswordFieldIsMasked -->
  <testcase classname="tests.LoginTest" name="rememberMeFunctionality">
    <skipped/>
  </testcase> <!-- rememberMeFunctionality -->
</testsuite> <!-- tests.LoginTest -->
