<?xml version="1.0" encoding="UTF-8"?>
<!-- Generated by org.testng.reporters.JUnitReportReporter -->
<testsuite hostname="DESKTOP-MSCIP15" failures="0" tests="4" name="tests.AccountTest" time="24.559" errors="0" timestamp="2025-08-06T08:43:45 GMT-07:00" skipped="0">
  <testcase classname="tests.AccountTest" name="viewSavingsAccountSummary" time="9.005"/>
  <testcase classname="tests.AccountTest" name="viewCheckingAccountSummary" time="3.457"/>
  <testcase classname="tests.AccountTest" name="viewSavingsAccountSummary" time="8.582"/>
  <testcase classname="tests.AccountTest" name="viewCheckingAccountSummary" time="3.515"/>
</testsuite> <!-- tests.AccountTest -->
