<?xml version="1.0" encoding="UTF-8"?>
<!-- Generated by org.testng.reporters.JUnitReportReporter -->
<testsuite hostname="DESKTOP-MSCIP15" failures="0" tests="2" name="tests.FundsTransferTest" time="2.504" errors="0" timestamp="2025-07-12T03:29:04 GMT-07:00" skipped="0">
  <testcase classname="tests.FundsTransferTest" name="testValidFundTransfer" time="1.181"/>
  <testcase classname="tests.FundsTransferTest" name="testInvalidFundTransfer" time="1.323"/>
</testsuite> <!-- tests.FundsTransferTest -->
