<?xml version="1.0" encoding="UTF-8"?>
<!-- Generated by org.testng.reporters.JUnitReportReporter -->
<testsuite hostname="DESKTOP-MSCIP15" failures="0" tests="6" name="tests.RequestLoanTest" time="4.374" errors="0" timestamp="2025-08-06T08:43:45 GMT-07:00" skipped="0">
  <testcase classname="tests.RequestLoanTest" name="testLoanExceedingLimit" time="0.771"/>
  <testcase classname="tests.RequestLoanTest" name="testLoanExceedingLimit" time="0.792"/>
  <testcase classname="tests.RequestLoanTest" name="testMissingLoanDetails" time="0.696"/>
  <testcase classname="tests.RequestLoanTest" name="testMissingLoanDetails" time="0.682"/>
  <testcase classname="tests.RequestLoanTest" name="testValidLoanRequest" time="0.694"/>
  <testcase classname="tests.RequestLoanTest" name="testValidLoanRequest" time="0.739"/>
</testsuite> <!-- tests.RequestLoanTest -->
