<?xml version="1.0" encoding="UTF-8"?>
<!-- Generated by org.testng.reporters.JUnitReportReporter -->
<testsuite hostname="DESKTOP-MSCIP15" failures="0" tests="3" name="tests.CustomerSupportTest" time="3.437" errors="0" timestamp="2025-07-12T03:29:04 GMT-07:00" skipped="0">
  <testcase classname="tests.CustomerSupportTest" name="testSubmitFormWithValidDetails" time="1.165"/>
  <testcase classname="tests.CustomerSupportTest" name="testVerifySuccessMessage" time="1.055"/>
  <testcase classname="tests.CustomerSupportTest" name="testSubmitFormWithEmptyFields" time="1.217"/>
</testsuite> <!-- tests.CustomerSupportTest -->
