<?xml version="1.0" encoding="UTF-8"?>
<!-- Generated by org.testng.reporters.JUnitReportReporter -->
<testsuite hostname="DESKTOP-MSCIP15" failures="0" tests="4" name="tests.FundsTransferTest" time="6.950" errors="0" timestamp="2025-08-06T08:43:45 GMT-07:00" skipped="0">
  <testcase classname="tests.FundsTransferTest" name="testInvalidFundTransfer" time="1.991"/>
  <testcase classname="tests.FundsTransferTest" name="testValidFundTransfer" time="1.733"/>
  <testcase classname="tests.FundsTransferTest" name="testInvalidFundTransfer" time="1.978"/>
  <testcase classname="tests.FundsTransferTest" name="testValidFundTransfer" time="1.248"/>
</testsuite> <!-- tests.FundsTransferTest -->
