<?xml version="1.0" encoding="UTF-8"?>
<!-- Generated by org.testng.reporters.JUnitReportReporter -->
<testsuite hostname="DESKTOP-MSCIP15" failures="0" tests="3" name="tests.RequestLoanTest" time="2.132" errors="0" timestamp="2025-07-12T03:29:04 GMT-07:00" skipped="0">
  <testcase classname="tests.RequestLoanTest" name="testLoanExceedingLimit" time="0.752"/>
  <testcase classname="tests.RequestLoanTest" name="testMissingLoanDetails" time="0.688"/>
  <testcase classname="tests.RequestLoanTest" name="testValidLoanRequest" time="0.692"/>
</testsuite> <!-- tests.RequestLoanTest -->
