<?xml version="1.0" encoding="UTF-8"?>
<!-- Generated by org.testng.reporters.JUnitReportReporter -->
<testsuite hostname="DESKTOP-MSCIP15" failures="0" tests="6" name="tests.CustomerSupportTest" time="7.444" errors="0" timestamp="2025-08-06T08:43:45 GMT-07:00" skipped="0">
  <testcase classname="tests.CustomerSupportTest" name="testVerifySuccessMessage" time="1.081"/>
  <testcase classname="tests.CustomerSupportTest" name="testSubmitFormWithValidDetails" time="1.149"/>
  <testcase classname="tests.CustomerSupportTest" name="testVerifySuccessMessage" time="1.159"/>
  <testcase classname="tests.CustomerSupportTest" name="testSubmitFormWithValidDetails" time="1.263"/>
  <testcase classname="tests.CustomerSupportTest" name="testSubmitFormWithEmptyFields" time="1.686"/>
  <testcase classname="tests.CustomerSupportTest" name="testSubmitFormWithEmptyFields" time="1.106"/>
</testsuite> <!-- tests.CustomerSupportTest -->
